15:37:11,113 root INFO Tool Path : C:\Windows\system32\RecoveryDrive.exe
15:37:11,114 root INFO Execute Recovery Drive
15:37:11,298 root INFO Waiting for 1 seconds
15:37:12,307 root INFO title 
15:39:42,251 root INFO Tool Path : C:\Windows\system32\RecoveryDrive.exe
15:39:42,251 root INFO Execute Recovery Drive
15:39:42,375 root INFO Waiting for 1 seconds
15:39:43,375 root INFO title ≠◊¥_∫œ∫–æ˜
15:39:43,382 root INFO coordinate(1155, 750)
15:39:48,696 root INFO coordinate(1155, 750)
15:39:54,2 root INFO coordinate(1155, 750)
15:39:59,307 root INFO coordinate(1155, 750)
15:40:04,615 root INFO coordinate(1155, 750)
15:40:09,920 root INFO coordinate(1155, 750)
15:40:15,226 root INFO coordinate(1155, 750)
15:40:20,530 root INFO coordinate(1155, 750)
15:40:25,832 root INFO coordinate(1155, 750)
15:40:31,136 root INFO coordinate(1155, 750)
15:40:36,440 root INFO coordinate(1155, 750)
15:40:41,745 root INFO coordinate(1155, 750)
15:40:47,51 root INFO coordinate(1155, 750)
15:40:52,354 root INFO coordinate(1155, 750)
15:40:57,660 root INFO coordinate(1155, 750)
15:42:32,497 root INFO Tool Path : C:\Windows\system32\RecoveryDrive.exe
15:42:32,497 root INFO Execute Recovery Drive
15:42:32,589 root INFO Waiting for 1 seconds
15:42:33,589 root INFO title ≠◊¥_∫œ∫–æ˜
15:42:33,591 root INFO coordinate(1155, 750)
15:42:38,903 root INFO coordinate(1155, 750)
15:42:44,212 root INFO coordinate(1155, 750)
15:44:21,770 root INFO Tool Path : C:\Windows\system32\RecoveryDrive.exe
15:44:21,770 root INFO Execute Recovery Drive
15:44:21,875 root INFO Waiting for 1 seconds
15:44:22,876 root INFO title ≠◊¥_∫œ∫–æ˜
15:44:22,877 root INFO coordinate(1155, 750)
15:44:28,217 root INFO coordinate(1155, 750)
15:44:33,522 root INFO coordinate(1155, 750)
15:44:38,826 root INFO coordinate(1155, 750)
15:46:00,584 root INFO Tool Path : C:\Windows\system32\RecoveryDrive.exe
15:46:00,584 root INFO Execute Recovery Drive
15:46:00,670 root INFO Waiting for 1 seconds
15:46:01,670 root INFO title ≠◊¥_∫œ∫–æ˜
15:46:01,670 root INFO coordinate(1155, 750)
15:46:01,981 root INFO coordinate(1238, 750)
15:46:02,312 root INFO Recovery Drive Done!
15:46:07,319 root INFO coordinate(1155, 750)
15:46:07,620 root INFO coordinate(1238, 750)
15:46:07,922 root INFO Recovery Drive Done!
15:46:12,925 root INFO coordinate(1155, 750)
15:46:13,231 root INFO coordinate(1238, 750)
15:46:13,534 root INFO Recovery Drive Done!
15:46:18,535 root INFO coordinate(1155, 750)
15:46:18,842 root INFO coordinate(1238, 750)
15:46:19,149 root INFO Recovery Drive Done!
15:46:24,176 root INFO coordinate(1155, 750)
15:46:24,479 root INFO coordinate(1238, 750)
15:46:24,781 root INFO Recovery Drive Done!
15:46:29,783 root INFO coordinate(1155, 750)
15:46:30,85 root INFO coordinate(1238, 750)
15:46:30,389 root INFO Recovery Drive Done!
15:46:35,390 root INFO coordinate(1155, 750)
15:46:35,694 root INFO coordinate(1238, 750)
15:46:35,996 root INFO Recovery Drive Done!
15:46:40,998 root INFO coordinate(1155, 750)
15:46:41,300 root INFO coordinate(1238, 750)
15:46:41,602 root INFO Recovery Drive Done!
15:46:46,604 root INFO coordinate(1155, 750)
15:46:46,910 root INFO coordinate(1238, 750)
15:46:47,218 root INFO Recovery Drive Done!
16:47:38,308 root INFO Tool Path : C:\Windows\system32\RecoveryDrive.exe
16:47:38,308 root INFO Execute Recovery Drive
16:47:38,424 root INFO Waiting for 1 seconds
16:47:39,427 root INFO title ≠◊¥_∫œ∫–æ˜
16:47:39,463 root INFO coordinate(1155, 750)
16:47:39,777 root INFO coordinate(1238, 750)
16:47:40,81 root INFO Recovery Drive Done!
16:54:51,753 root INFO Tool Path : C:\Windows\system32\RecoveryDrive.exe
16:54:51,753 root INFO Execute Recovery Drive
16:54:51,846 root INFO Waiting for 1 seconds
16:54:52,847 root INFO title ≠◊¥_∫œ∫–æ˜
16:54:52,848 root INFO coordinate(1155, 750)
16:54:53,178 root INFO coordinate(1238, 750)
16:54:53,566 root INFO Recovery Drive Done!
19:47:18,962 root INFO Tool Path : C:\Windows\system32\RecoveryDrive.exe
19:47:18,962 root INFO Execute Recovery Drive
19:47:19,38 root INFO Waiting for 1 seconds
19:47:20,39 root INFO title 
19:47:53,908 root INFO Tool Path : C:\Windows\system32\RecoveryDrive.exe
19:47:53,908 root INFO Execute Recovery Drive
19:47:53,968 root INFO Waiting for 1 seconds
19:47:54,969 root INFO title 
19:48:09,639 root INFO Tool Path : C:\Windows\system32\RecoveryDrive.exe
19:48:09,639 root INFO Execute Recovery Drive
19:48:09,700 root INFO Waiting for 1 seconds
19:48:10,701 root INFO title 
19:49:15,494 root INFO Tool Path : C:\Windows\system32\RecoveryDrive.exe
19:49:15,494 root INFO Execute Recovery Drive
19:49:15,559 root INFO Waiting for 1 seconds
19:49:16,560 root INFO title 
19:51:41,323 root INFO Tool Path : C:\Windows\system32\RecoveryDrive.exe
19:51:41,323 root INFO Execute Recovery Drive
19:51:41,386 root INFO Waiting for 1 seconds
19:51:42,387 root INFO title ‰øÆÂæ©Á£ÅÁ¢üÊ©ü
19:51:42,388 root INFO coordinate(1552, 779)
19:51:42,693 root INFO coordinate(1635, 779)
19:51:42,995 root INFO Recovery Drive Done!
19:51:52,997 root INFO coordinate(1552, 779)
19:51:53,299 root INFO coordinate(1635, 779)
19:51:53,601 root INFO Recovery Drive Done!
19:52:03,603 root INFO coordinate(1552, 779)
19:52:03,907 root INFO coordinate(1635, 779)
19:52:04,209 root INFO Recovery Drive Done!
19:52:14,210 root INFO coordinate(1552, 779)
19:52:14,515 root INFO coordinate(1635, 779)
19:52:14,817 root INFO Recovery Drive Done!
19:52:24,820 root INFO coordinate(1552, 779)
19:52:25,122 root INFO coordinate(1635, 779)
19:52:25,422 root INFO Recovery Drive Done!
19:52:35,426 root INFO coordinate(1552, 779)
19:52:35,728 root INFO coordinate(1635, 779)
19:52:36,30 root INFO Recovery Drive Done!
19:52:46,34 root INFO coordinate(1552, 779)
19:52:46,335 root INFO coordinate(1635, 779)
19:52:46,636 root INFO Recovery Drive Done!
19:52:56,640 root INFO coordinate(1552, 779)
19:52:56,942 root INFO coordinate(1635, 779)
19:52:57,243 root INFO Recovery Drive Done!
19:53:07,246 root INFO coordinate(1552, 779)
19:53:07,549 root INFO coordinate(1635, 779)
19:53:07,850 root INFO Recovery Drive Done!
19:53:17,852 root INFO coordinate(1552, 779)
19:53:18,156 root INFO coordinate(1635, 779)
19:53:18,459 root INFO Recovery Drive Done!
19:53:28,461 root INFO coordinate(1552, 779)
19:53:28,763 root INFO coordinate(1635, 779)
19:53:29,64 root INFO Recovery Drive Done!
19:53:39,66 root INFO coordinate(1552, 779)
19:53:39,369 root INFO coordinate(1635, 779)
19:53:39,670 root INFO Recovery Drive Done!
19:53:49,673 root INFO coordinate(1552, 779)
19:53:49,974 root INFO coordinate(1635, 779)
19:53:50,276 root INFO Recovery Drive Done!
19:54:00,279 root INFO coordinate(1557, 779)
19:54:00,586 root INFO coordinate(1635, 779)
19:54:00,887 root INFO Recovery Drive Done!
19:54:10,893 root INFO coordinate(1563, 779)
19:54:11,196 root INFO coordinate(1635, 779)
19:54:11,497 root INFO Recovery Drive Done!
19:54:21,503 root INFO coordinate(1563, 779)
19:54:21,804 root INFO coordinate(1635, 779)
19:54:22,106 root INFO Recovery Drive Done!
19:54:32,113 root INFO coordinate(1563, 779)
19:54:32,414 root INFO coordinate(1635, 779)
19:54:32,716 root INFO Recovery Drive Done!
19:54:42,723 root INFO coordinate(1563, 779)
19:54:43,26 root INFO coordinate(1635, 779)
19:54:43,328 root INFO Recovery Drive Done!
19:54:53,334 root INFO coordinate(1563, 779)
19:54:53,637 root INFO coordinate(1635, 779)
19:54:53,938 root INFO Recovery Drive Done!
19:55:03,942 root INFO coordinate(1563, 779)
19:55:04,245 root INFO coordinate(1635, 779)
19:55:04,546 root INFO Recovery Drive Done!
19:55:14,549 root INFO coordinate(1563, 779)
19:55:14,852 root INFO coordinate(1635, 779)
19:55:15,153 root INFO Recovery Drive Done!
19:56:26,789 root INFO Tool Path : C:\Windows\system32\RecoveryDrive.exe
19:56:26,789 root INFO Execute Recovery Drive
19:56:26,854 root INFO Waiting for 1 seconds
19:56:27,854 root INFO title ‰øÆÂæ©Á£ÅÁ¢üÊ©ü
19:56:27,855 root INFO coordinate(1155, 750)
19:56:38,162 root INFO coordinate(1155, 750)
19:56:48,468 root INFO coordinate(1155, 750)
19:56:58,773 root INFO coordinate(1155, 750)
19:57:09,78 root INFO coordinate(1155, 750)
19:57:19,382 root INFO coordinate(1155, 750)
19:57:29,686 root INFO coordinate(1155, 750)
19:57:39,991 root INFO coordinate(1155, 750)
19:57:50,295 root INFO coordinate(1155, 750)
19:58:00,598 root INFO coordinate(1155, 750)
19:58:10,904 root INFO coordinate(1155, 750)
19:58:21,210 root INFO coordinate(1155, 750)
19:58:31,517 root INFO coordinate(1155, 750)
19:58:41,822 root INFO coordinate(1155, 750)
19:58:52,126 root INFO coordinate(1160, 750)
19:59:02,443 root INFO coordinate(1166, 750)
19:59:12,757 root INFO coordinate(1166, 750)
19:59:23,63 root INFO coordinate(1166, 750)
19:59:33,370 root INFO coordinate(1166, 750)
19:59:43,676 root INFO coordinate(1166, 750)
19:59:53,984 root INFO coordinate(1166, 750)
20:00:04,292 root INFO coordinate(1166, 750)
20:00:14,596 root INFO coordinate(1166, 750)
20:00:24,903 root INFO coordinate(1166, 750)
20:00:35,212 root INFO coordinate(1166, 750)
20:00:45,520 root INFO coordinate(1166, 750)
20:00:55,824 root INFO coordinate(1166, 750)
20:01:06,130 root INFO coordinate(1166, 750)
20:01:16,440 root INFO coordinate(1166, 750)
20:01:26,745 root INFO coordinate(1166, 750)
20:01:37,52 root INFO coordinate(1166, 750)
20:01:47,363 root INFO coordinate(1166, 750)
20:01:57,668 root INFO coordinate(1166, 750)
20:02:07,973 root INFO coordinate(1166, 750)
20:02:18,279 root INFO coordinate(1166, 750)
20:02:28,588 root INFO coordinate(1166, 750)
20:02:38,897 root INFO coordinate(1166, 750)
20:02:49,203 root INFO coordinate(1587, 766)
20:02:59,508 root INFO coordinate(1587, 766)
